
cd /home/infinity/rpmbuild/BUILD/mysql-5.7.37/build/storage/perfschema/unittest && /usr/bin/cmake -E cmake_link_script CMakeFiles/pfs_connect_attr-t.dir/link.txt --verbose=1
/usr/bin/c++ -fPIC -std=gnu++03 -fabi-version=2 -fno-omit-frame-pointer -fno-strict-aliasing -ffp-contract=off -O2 -g -pipe -Wall -Werror=format-security -Wp,-D_FORTIFY_SOURCE=2 -Wp,-D_GLIBCXX_ASSERTIONS -fexceptions -fstack-protector-strong -grecord-gcc-switches -specs=/usr/lib/rpm/openEuler/openEuler-hardened-cc1 -fasynchronous-unwind-tables -fstack-clash-protection -fPIC -Wall -Wextra -Wformat-security -Wvla -Wimplicit-fallthrough=2 -Woverloaded-virtual -Wno-unused-parameter -Wno-class-memaccess -ffunction-sections -fdata-sections -O3 -g -DNDEBUG CMakeFiles/pfs_connect_attr-t.dir/pfs_connect_attr-t.cc.o CMakeFiles/pfs_connect_attr-t.dir/__/__/__/sql/sql_builtin.cc.o CMakeFiles/pfs_connect_attr-t.dir/__/__/__/mysys/string.c.o -o pfs_connect_attr-t  -lpthread ../../../unittest/mytap/libmytap.a ../../../archive_output_directory/libperfschema.a ../../../archive_output_directory/libarchive.a -lz ../../../archive_output_directory/libblackhole.a ../../../archive_output_directory/libcsv.a ../../../archive_output_directory/libfederated.a ../../../archive_output_directory/libheap.a ../../../archive_output_directory/libinnobase.a -lz -llz4 -lnuma ../../../archive_output_directory/libmyisam.a ../../../archive_output_directory/libmyisammrg.a ../../../archive_output_directory/libpartition.a ../../../archive_output_directory/libperfschema.a ../../../archive_output_directory/libsql.a ../../../archive_output_directory/libbinlog.a ../../../archive_output_directory/librpl.a ../../../archive_output_directory/libmaster.a ../../../archive_output_directory/libslave.a ../../../archive_output_directory/libsql.a ../../../archive_output_directory/libmysys.a ../../../archive_output_directory/libmysys_ssl.a ../../../archive_output_directory/libvio.a -lssl -lcrypto -ldl ../../../archive_output_directory/libstrings.a ../../../archive_output_directory/libdbug.a ../../../archive_output_directory/libregex.a ../../../archive_output_directory/libmysys.a -lz ../../../archive_output_directory/libperfschema.a ../../../archive_output_directory/libarchive.a ../../../archive_output_directory/libblackhole.a ../../../archive_output_directory/libcsv.a ../../../archive_output_directory/libfederated.a ../../../archive_output_directory/libheap.a ../../../archive_output_directory/libinnobase.a -laio -llz4 -lnuma ../../../archive_output_directory/libmyisam.a ../../../archive_output_directory/libmyisammrg.a ../../../archive_output_directory/libpartition.a ../../../archive_output_directory/libngram_parser.a -lcrypt -lssl -lcrypto -ldl ../../../libbinlogevents/lib/libbinlogevents.a ../../../archive_output_directory/libmysys.a ../../../archive_output_directory/libdbug.a ../../../archive_output_directory/libmysys.a ../../../archive_output_directory/libdbug.a -lz ../../../archive_output_directory/libstrings.a -lm -lrt -latomic -lpthread 
/usr/bin/ld: ../../archive_output_directory/libmysqld.a(lib_sql.cc.o): in function `setup_fpu()':
/home/infinity/rpmbuild/BUILD/mysql-5.7.37/libmysqld/../sql/mysqld.cc:192: warning: fedisableexcept is not implemented and will always fail
make[2]: Leaving directory '/home/infinity/rpmbuild/BUILD/mysql-5.7.37/build'
[100%] Built target mysql_client_test_embedded
/usr/bin/ld: ../archive_output_directory/libsql.a(mysqld.cc.o): in function `setup_fpu()':
/home/infinity/rpmbuild/BUILD/mysql-5.7.37/sql/mysqld.cc:192: warning: fedisableexcept is not implemented and will always fail
make[2]: Leaving directory '/home/infinity/rpmbuild/BUILD/mysql-5.7.37/build'
[100%] Built target mysqld
/usr/bin/ld: ../../../archive_output_directory/libsql.a(mysqld.cc.o): in function `setup_fpu()':
/home/infinity/rpmbuild/BUILD/mysql-5.7.37/sql/mysqld.cc:192: warning: fedisableexcept is not implemented and will always fail
/usr/bin/ld: final link failed: No space left on device
collect2: error: ld returned 1 exit status
make[2]: *** [storage/perfschema/unittest/CMakeFiles/pfs_connect_attr-t.dir/build.make:185: storage/perfschema/unittest/pfs_connect_attr-t] Error 1
make[2]: Leaving directory '/home/infinity/rpmbuild/BUILD/mysql-5.7.37/build'
make[1]: *** [CMakeFiles/Makefile2:3450: storage/perfschema/unittest/CMakeFiles/pfs_connect_attr-t.dir/all] Error 2
make[1]: Leaving directory '/home/infinity/rpmbuild/BUILD/mysql-5.7.37/build'
make: *** [Makefile:182: all] Error 2
error: Bad exit status from /var/tmp/rpm-tmp.nJQKR5 (%build)
```

```log
ild/BUILD/mysql-5.7.37/extra/rapidjson/include -I/home/infinity/rpmbuild/BUILD/mysql-5.7.37/build/libbinlogevents/include -I/home/infinity/rpmbuild/BUILD/mysql-5.7.37/libbinlogevents/export -I/home/infinity/rpmbuild/BUILD/mysql-5.7.37/include -I/home/infinity/rpmbuild/BUILD/mysql-5.7.37/libmysqld/include -I/home/infinity/rpmbuild/BUILD/mysql-5.7.37/regex -I/home/infinity/rpmbuild/BUILD/mysql-5.7.37/testclients -I/usr/include/editline -fPIC -std=gnu++03 -fabi-version=2 -fno-omit-frame-pointer -fno-strict-aliasing -ffp-contract=off -O2 -g -pipe -Wall -Werror=format-security -Wp,-D_FORTIFY_SOURCE=2 -Wp,-D_GLIBCXX_ASSERTIONS -fexceptions -fstack-protector-strong -grecord-gcc-switches -specs=/usr/lib/rpm/openEuler/openEuler-hardened-cc1 -fasynchronous-unwind-tables -fstack-clash-protection -fPIC -Wall -Wextra -Wformat-security -Wvla -Wimplicit-fallthrough=2 -Woverloaded-virtual -Wno-unused-parameter -Wno-class-memaccess -ffunction-sections -fdata-sections -O3 -g -DNDEBUG   -UMYSQL_CLIENT -o CMakeFiles/mysql_embedded.dir/__/__/client/mysql.cc.o -c /home/infinity/rpmbuild/BUILD/mysql-5.7.37/client/mysql.cc
cd /home/infinity/rpmbuild/BUILD/mysql-5.7.37/build/sql && /usr/bin/cmake -DTARGET_NAME=sql -DTARGET_LOC=/home/infinity/rpmbuild/BUILD/mysql-5.7.37/build/archive_output_directory/libsql.a -DCFG_INTDIR=. -P /home/infinity/rpmbuild/BUILD/mysql-5.7.37/build/archive_output_directory/lib_location_sql.cmake
cd /home/infinity/rpmbuild/BUILD/mysql-5.7.37/build/sql && /usr/bin/ar r /home/infinity/rpmbuild/BUILD/mysql-5.7.37/build/archive_output_directory/libsql.a /home/infinity/rpmbuild/BUILD/mysql-5.7.37/build/probes_mysql.o
[100%] Building CXX object libmysqld/examples/CMakeFiles/mysql_embedded.dir/__/__/client/readline.cc.o
cd /home/infinity/rpmbuild/BUILD/mysql-5.7.37/build/libmysqld/examples && /usr/bin/c++ -DEMBEDDED_LIBRARY -DHAVE_CONFIG_H -DHAVE_TLSv13 -D_FILE_OFFSET_BITS=64 -D_GNU_SOURCE -Dmysql_embedded_EXPORTS -I/home/infinity/rpmbuild/BUILD/mysql-5.7.37/build/include -I/home/infinity/rpmbuild/BUILD/mysql-5.7.37/extra/rapidjson/include -I/home/infinity/rpmbuild/BUILD/mysql-5.7.37/build/libbinlogevents/include -I/home/infinity/rpmbuild/BUILD/mysql-5.7.37/libbinlogevents/export -I/home/infinity/rpmbuild/BUILD/mysql-5.7.37/include -I/home/infinity/rpmbuild/BUILD/mysql-5.7.37/libmysqld/include -I/home/infinity/rpmbuild/BUILD/mysql-5.7.37/regex -I/home/infinity/rpmbuild/BUILD/mysql-5.7.37/testclients -I/usr/include/editline -fPIC -std=gnu++03 -fabi-version=2 -fno-omit-frame-pointer -fno-strict-aliasing -ffp-contract=off -O2 -g -pipe -Wall -Werror=format-security -Wp,-D_FORTIFY_SOURCE=2 -Wp,-D_GLIBCXX_ASSERTIONS -fexceptions -fstack-protector-strong -grecord-gcc-switches -specs=/usr/lib/rpm/openEuler/openEuler-hardened-cc1 -fasynchronous-unwind-tables -fstack-clash-protection -fPIC -Wall -Wextra -Wformat-security -Wvla -Wimplicit-fallthrough=2 -Woverloaded-virtual -Wno-unused-parameter -Wno-class-memaccess -ffunction-sections -fdata-sections -O3 -g -DNDEBUG   -UMYSQL_CLIENT -o CMakeFiles/mysql_embedded.dir/__/__/client/readline.cc.o -c /home/infinity/rpmbuild/BUILD/mysql-5.7.37/client/readline.cc
[100%] Linking CXX executable mysql_embedded
cd /home/infinity/rpmbuild/BUILD/mysql-5.7.37/build/libmysqld/examples && /usr/bin/cmake -E cmake_link_script CMakeFiles/mysql_embedded.dir/link.txt --verbose=1
/usr/bin/c++ -fPIC -std=gnu++03 -fabi-version=2 -fno-omit-frame-pointer -fno-strict-aliasing -ffp-contract=off -O2 -g -pipe -Wall -Werror=format-security -Wp,-D_FORTIFY_SOURCE=2 -Wp,-D_GLIBCXX_ASSERTIONS -fexceptions -fstack-protector-strong -grecord-gcc-switches -specs=/usr/lib/rpm/openEuler/openEuler-hardened-cc1 -fasynchronous-unwind-tables -fstack-clash-protection -fPIC -Wall -Wextra -Wformat-security -Wvla -Wimplicit-fallthrough=2 -Woverloaded-virtual -Wno-unused-parameter -Wno-class-memaccess -ffunction-sections -fdata-sections -O3 -g -DNDEBUG -Wl,--export-dynamic CMakeFiles/mysql_embedded.dir/__/__/client/completion_hash.cc.o CMakeFiles/mysql_embedded.dir/__/__/client/mysql.cc.o CMakeFiles/mysql_embedded.dir/__/__/client/readline.cc.o -o mysql_embedded  -lpthread ../../archive_output_directory/libmysqld.a -ledit -lpthread -lz -lm -lrt -latomic -lssl -lcrypto -ldl -lcrypt -laio -llz4 -lnuma 
[100%] Linking CXX executable mysql_client_test_embedded
cd /home/infinity/rpmbuild/BUILD/mysql-5.7.37/build/libmysqld/examples && /usr/bin/cmake -E cmake_link_script CMakeFiles/mysql_client_test_embedded.dir/link.txt --verbose=1
/usr/bin/c++ -fPIC -std=gnu++03 -fabi-version=2 -fno-omit-frame-pointer -fno-strict-aliasing -ffp-contract=off -O2 -g -pipe -Wall -Werror=format-security -Wp,-D_FORTIFY_SOURCE=2 -Wp,-D_GLIBCXX_ASSERTIONS -fexceptions -fstack-protector-strong -grecord-gcc-switches -specs=/usr/lib/rpm/openEuler/openEuler-hardened-cc1 -fasynchronous-unwind-tables -fstack-clash-protection -fPIC -Wall -Wextra -Wformat-security -Wvla -Wimplicit-fallthrough=2 -Woverloaded-virtual -Wno-unused-parameter -Wno-class-memaccess -ffunction-sections -fdata-sections -O3 -g -DNDEBUG -Wl,--export-dynamic CMakeFiles/mysql_client_test_embedded.dir/__/__/testclients/mysql_client_test.c.o -o mysql_client_test_embedded  -lpthread ../../archive_output_directory/libmysqld.a -lpthread -lz -lm -lrt -latomic -lssl -lcrypto -ldl -lcrypt -laio -llz4 -lnuma 
cd /home/infinity/rpmbuild/BUILD/mysql-5.7.37/build/sql && /usr/bin/ranlib /home/infinity/rpmbuild/BUILD/mysql-5.7.37/build/archive_output_directory/libsql.a
/usr/bin/ld: ../../archive_output_directory/libmysqld.a(lib_sql.cc.o): in function `setup_fpu()':
/home/infinity/rpmbuild/BUILD/mysql-5.7.37/libmysqld/../sql/mysqld.cc:192: warning: fedisableexcept is not implemented and will always fail
make[2]: Leaving directory '/home/infinity/rpmbuild/BUILD/mysql-5.7.37/build'
[100%] Built target mysqltest_embedded
make[2]: Leaving directory '/home/infinity/rpmbuild/BUILD/mysql-5.7.37/build'
[100%] Built target sql
make  -f storage/perfschema/unittest/CMakeFiles/pfs_connect_attr-t.dir/build.make storage/perfschema/unittest/CMakeFiles/pfs_connect_attr-t.dir/depend
make  -f sql/CMakeFiles/mysqld.dir/build.make sql/CMakeFiles/mysqld.dir/depend
make[2]: Entering directory '/home/infinity/rpmbuild/BUILD/mysql-5.7.37/build'
make[2]: Entering directory '/home/infinity/rpmbuild/BUILD/mysql-5.7.37/build'
cd /home/infinity/rpmbuild/BUILD/mysql-5.7.37/build && /usr/bin/cmake -E cmake_depends "Unix Makefiles" /home/infinity/rpmbuild/BUILD/mysql-5.7.37 /home/infinity/rpmbuild/BUILD/mysql-5.7.37/sql /home/infinity/rpmbuild/BUILD/mysql-5.7.37/build /home/infinity/rpmbuild/BUILD/mysql-5.7.37/build/sql /home/infinity/rpmbuild/BUILD/mysql-5.7.37/build/sql/CMakeFiles/mysqld.dir/DependInfo.cmake --color=
cd /home/infinity/rpmbuild/BUILD/mysql-5.7.37/build && /usr/bin/cmake -E cmake_depends "Unix Makefiles" /home/infinity/rpmbuild/BUILD/mysql-5.7.37 /home/infinity/rpmbuild/BUILD/mysql-5.7.37/storage/perfschema/unittest /home/infinity/rpmbuild/BUILD/mysql-5.7.37/build /home/infinity/rpmbuild/BUILD/mysql-5.7.37/build/storage/perfschema/unittest /home/infinity/rpmbuild/BUILD/mysql-5.7.37/build/storage/perfschema/unittest/CMakeFiles/pfs_connect_attr-t.dir/DependInfo.cmake --color=
Dependee "/home/infinity/rpmbuild/BUILD/mysql-5.7.37/build/sql/CMakeFiles/mysqld.dir/DependInfo.cmake" is newer than depender "/home/infinity/rpmbuild/BUILD/mysql-5.7.37/build/sql/CMakeFiles/mysqld.dir/depend.internal".
Dependee "/home/infinity/rpmbuild/BUILD/mysql-5.7.37/build/sql/CMakeFiles/CMakeDirectoryInformation.cmake" is newer than depender "/home/infinity/rpmbuild/BUILD/mysql-5.7.37/build/sql/CMakeFiles/mysqld.dir/depend.internal".
Scanning dependencies of target mysqld
Dependee "/home/infinity/rpmbuild/BUILD/mysql-5.7.37/build/storage/perfschema/unittest/CMakeFiles/pfs_connect_attr-t.dir/DependInfo.cmake" is newer than depender "/home/infinity/rpmbuild/BUILD/mysql-5.7.37/build/storage/perfschema/unittest/CMakeFiles/pfs_connect_attr-t.dir/depend.internal".
Dependee "/home/infinity/rpmbuild/BUILD/mysql-5.7.37/build/storage/perfschema/unittest/CMakeFiles/CMakeDirectoryInformation.cmake" is newer than depender "/home/infinity/rpmbuild/BUILD/mysql-5.7.37/build/storage/perfschema/unittest/CMakeFiles/pfs_connect_attr-t.dir/depend.internal".
Scanning dependencies of target pfs_connect_attr-t
make[2]: Leaving directory '/home/infinity/rpmbuild/BUILD/mysql-5.7.37/build'
make  -f sql/CMakeFiles/mysqld.dir/build.make sql/CMakeFiles/mysqld.dir/build
make[2]: Entering directory '/home/infinity/rpmbuild/BUILD/mysql-5.7.37/build'
[100%] Building CXX object sql/CMakeFiles/mysqld.dir/main.cc.o
cd /home/infinity/rpmbuild/BUILD/mysql-5.7.37/build/sql && /usr/bin/c++ -DHAVE_CONFIG_H -DHAVE_REPLICATION -DHAVE_TLSv13 -DMYSQL_SERVER -D_FILE_OFFSET_BITS=64 -D_GNU_SOURCE -Dmysqld_EXPORTS -I/home/infinity/rpmbuild/BUILD/mysql-5.7.37/build/include -I/home/infinity/rpmbuild/BUILD/mysql-5.7.37/extra/rapidjson/include -I/home/infinity/rpmbuild/BUILD/mysql-5.7.37/build/libbinlogevents/include -I/home/infinity/rpmbuild/BUILD/mysql-5.7.37/libbinlogevents/export -I/home/infinity/rpmbuild/BUILD/mysql-5.7.37/include -I/home/infinity/rpmbuild/BUILD/mysql-5.7.37/sql/conn_handler -I/home/infinity/rpmbuild/BUILD/mysql-5.7.37/libbinlogevents/include -I/home/infinity/rpmbuild/BUILD/mysql-5.7.37/sql -I/home/infinity/rpmbuild/BUILD/mysql-5.7.37/sql/auth -I/home/infinity/rpmbuild/BUILD/mysql-5.7.37/regex -I/home/infinity/rpmbuild/BUILD/mysql-5.7.37/build/sql -isystem /home/infinity/rpmbuild/BUILD/mysql-5.7.37/include/boost_1_59_0/patches -isystem /home/infinity/rpmbuild/BUILD/mysql-5.7.37/boost/boost_1_59_0 -fPIC -std=gnu++03 -fabi-version=2 -fno-omit-frame-pointer -fno-strict-aliasing -ffp-contract=off -O2 -g -pipe -Wall -Werror=format-security -Wp,-D_FORTIFY_SOURCE=2 -Wp,-D_GLIBCXX_ASSERTIONS -fexceptions -fstack-protector-strong -grecord-gcc-switches -specs=/usr/lib/rpm/openEuler/openEuler-hardened-cc1 -fasynchronous-unwind-tables -fstack-clash-protection -fPIC -Wall -Wextra -Wformat-security -Wvla -Wimplicit-fallthrough=2 -Woverloaded-virtual -Wno-unused-parameter -Wno-class-memaccess -ffunction-sections -fdata-sections -O3 -g -DNDEBUG    -DHAVE_OPENSSL -o CMakeFiles/mysqld.dir/main.cc.o -c /home/infinity/rpmbuild/BUILD/mysql-5.7.37/sql/main.cc
make[2]: Leaving directory '/home/infinity/rpmbuild/BUILD/mysql-5.7.37/build'
make  -f storage/perfschema/unittest/CMakeFiles/pfs_connect_attr-t.dir/build.make storage/perfschema/unittest/CMakeFiles/pfs_connect_attr-t.dir/build
make[2]: Entering directory '/home/infinity/rpmbuild/BUILD/mysql-5.7.37/build'
[100%] Building CXX object storage/perfschema/unittest/CMakeFiles/pfs_connect_attr-t.dir/pfs_connect_attr-t.cc.o
cd /home/infinity/rpmbuild/BUILD/mysql-5.7.37/build/storage/perfschema/unittest && /usr/bin/c++ -DHAVE_CONFIG_H -DHAVE_TLSv13 -DMYSQL_SERVER -D_FILE_OFFSET_BITS=64 -D_GNU_SOURCE -I/home/infinity/rpmbuild/BUILD/mysql-5.7.37/build/include -I/home/infinity/rpmbuild/BUILD/mysql-5.7.37/extra/rapidjson/include -I/home/infinity/rpmbuild/BUILD/mysql-5.7.37/build/libbinlogevents/include -I/home/infinity/rpmbuild/BUILD/mysql-5.7.37/libbinlogevents/export -I/home/infinity/rpmbuild/BUILD/mysql-5.7.37/include -I/home/infinity/rpmbuild/BUILD/mysql-5.7.37/sql -I/home/infinity/rpmbuild/BUILD/mysql-5.7.37/build/sql -I/home/infinity/rpmbuild/BUILD/mysql-5.7.37/regex -I/home/infinity/rpmbuild/BUILD/mysql-5.7.37/libbinlogevents/include -I/home/infinity/rpmbuild/BUILD/mysql-5.7.37/sql/auth -I/home/infinity/rpmbuild/BUILD/mysql-5.7.37/include/mysql -I/home/infinity/rpmbuild/BUILD/mysql-5.7.37/unittest/mytap -I/home/infinity/rpmbuild/BUILD/mysql-5.7.37/storage/perfschema -fPIC -std=gnu++03 -fabi-version=2 -fno-omit-frame-pointer -fno-strict-aliasing -ffp-contract=off -O2 -g -pipe -Wall -Werror=format-security -Wp,-D_FORTIFY_SOURCE=2 -Wp,-D_GLIBCXX_ASSERTIONS -fexceptions -fstack-protector-strong -grecord-gcc-switches -specs=/usr/lib/rpm/openEuler/openEuler-hardened-cc1 -fasynchronous-unwind-tables -fstack-clash-protection -fPIC -Wall -Wextra -Wformat-security -Wvla -Wimplicit-fallthrough=2 -Woverloaded-virtual -Wno-unused-parameter -Wno-class-memaccess -ffunction-sections -fdata-sections -O3 -g -DNDEBUG    -DHAVE_OPENSSL  -DHAVE_OPENSSL -o CMakeFiles/pfs_connect_attr-t.dir/pfs_connect_attr-t.cc.o -c /home/infinity/rpmbuild/BUILD/mysql-5.7.37/storage/perfschema/unittest/pfs_connect_attr-t.cc
[100%] Linking CXX executable mysqld
cd /home/infinity/rpmbuild/BUILD/mysql-5.7.37/build/sql && /usr/bin/cmake -E cmake_link_script CMakeFiles/mysqld.dir/link.txt --verbose=1
/usr/bin/c++ -fPIC -std=gnu++03 -fabi-version=2 -fno-omit-frame-pointer -fno-strict-aliasing -ffp-contract=off -O2 -g -pipe -Wall -Werror=format-security -Wp,-D_FORTIFY_SOURCE=2 -Wp,-D_GLIBCXX_ASSERTIONS -fexceptions -fstack-protector-strong -grecord-gcc-switches -specs=/usr/lib/rpm/openEuler/openEuler-hardened-cc1 -fasynchronous-unwind-tables -fstack-clash-protection -fPIC -Wall -Wextra -Wformat-security -Wvla -Wimplicit-fallthrough=2 -Woverloaded-virtual -Wno-unused-parameter -Wno-class-memaccess -ffunction-sections -fdata-sections -O3 -g -DNDEBUG -Wl,--export-dynamic  -pie -Wl,-z,relro,-z,now CMakeFiles/mysqld.dir/main.cc.o -o mysqld  -lpthread ../archive_output_directory/libsql.a ../archive_output_directory/libbinlog.a ../archive_output_directory/librpl.a ../archive_output_directory/libmaster.a ../archive_output_directory/libslave.a ../archive_output_directory/libsql.a ../archive_output_directory/libmysys.a ../archive_output_directory/libmysys_ssl.a ../libbinlogevents/lib/libbinlogevents.a ../archive_output_directory/libarchive.a ../archive_output_directory/libblackhole.a ../archive_output_directory/libcsv.a ../archive_output_directory/libfederated.a ../archive_output_directory/libheap.a ../archive_output_directory/libinnobase.a -laio -llz4 -lnuma ../archive_output_directory/libmyisam.a ../archive_output_directory/libmyisammrg.a ../archive_output_directory/libpartition.a ../archive_output_directory/libperfschema.a ../archive_output_directory/libngram_parser.a ../archive_output_directory/libvio.a ../archive_output_directory/libregex.a -lcrypt -lssl -lcrypto -ldl ../archive_output_directory/libmysys.a ../archive_output_directory/libdbug.a ../archive_output_directory/libmysys.a ../archive_output_directory/libdbug.a -lz ../archive_output_directory/libstrings.a -lm -lrt -latomic -lpthread 
[100%] Building CXX object storage/perfschema/unittest/CMakeFiles/pfs_connect_attr-t.dir/__/__/__/sql/sql_builtin.cc.o
cd /home/infinity/rpmbuild/BUILD/mysql-5.7.37/build/storage/perfschema/unittest && /usr/bin/c++ -DHAVE_CONFIG_H -DHAVE_TLSv13 -DMYSQL_SERVER -D_FILE_OFFSET_BITS=64 -D_GNU_SOURCE -I/home/infinity/rpmbuild/BUILD/mysql-5.7.37/build/include -I/home/infinity/rpmbuild/BUILD/mysql-5.7.37/extra/rapidjson/include -I/home/infinity/rpmbuild/BUILD/mysql-5.7.37/build/libbinlogevents/include -I/home/infinity/rpmbuild/BUILD/mysql-5.7.37/libbinlogevents/export -I/home/infinity/rpmbuild/BUILD/mysql-5.7.37/include -I/home/infinity/rpmbuild/BUILD/mysql-5.7.37/sql -I/home/infinity/rpmbuild/BUILD/mysql-5.7.37/build/sql -I/home/infinity/rpmbuild/BUILD/mysql-5.7.37/regex -I/home/infinity/rpmbuild/BUILD/mysql-5.7.37/libbinlogevents/include -I/home/infinity/rpmbuild/BUILD/mysql-5.7.37/sql/auth -I/home/infinity/rpmbuild/BUILD/mysql-5.7.37/include/mysql -I/home/infinity/rpmbuild/BUILD/mysql-5.7.37/unittest/mytap -I/home/infinity/rpmbuild/BUILD/mysql-5.7.37/storage/perfschema -fPIC -std=gnu++03 -fabi-version=2 -fno-omit-frame-pointer -fno-strict-aliasing -ffp-contract=off -O2 -g -pipe -Wall -Werror=format-security -Wp,-D_FORTIFY_SOURCE=2 -Wp,-D_GLIBCXX_ASSERTIONS -fexceptions -fstack-protector-strong -grecord-gcc-switches -specs=/usr/lib/rpm/openEuler/openEuler-hardened-cc1 -fasynchronous-unwind-tables -fstack-clash-protection -fPIC -Wall -Wextra -Wformat-security -Wvla -Wimplicit-fallthrough=2 -Woverloaded-virtual -Wno-unused-parameter -Wno-class-memaccess -ffunction-sections -fdata-sections -O3 -g -DNDEBUG    -DHAVE_OPENSSL  -DHAVE_OPENSSL -o CMakeFiles/pfs_connect_attr-t.dir/__/__/__/sql/sql_builtin.cc.o -c /home/infinity/rpmbuild/BUILD/mysql-5.7.37/build/sql/sql_builtin.cc
[100%] Building C object storage/perfschema/unittest/CMakeFiles/pfs_connect_attr-t.dir/__/__/__/mysys/string.c.o
cd /home/infinity/rpmbuild/BUILD/mysql-5.7.37/build/storage/perfschema/unittest && /usr/bin/cc -DHAVE_CONFIG_H -DHAVE_TLSv13 -DMYSQL_SERVER -D_FILE_OFFSET_BITS=64 -D_GNU_SOURCE -I/home/infinity/rpmbuild/BUILD/mysql-5.7.37/build/include -I/home/infinity/rpmbuild/BUILD/mysql-5.7.37/extra/rapidjson/include -I/home/infinity/rpmbuild/BUILD/mysql-5.7.37/build/libbinlogevents/include -I/home/infinity/rpmbuild/BUILD/mysql-5.7.37/libbinlogevents/export -I/home/infinity/rpmbuild/BUILD/mysql-5.7.37/include -I/home/infinity/rpmbuild/BUILD/mysql-5.7.37/sql -I/home/infinity/rpmbuild/BUILD/mysql-5.7.37/build/sql -I/home/infinity/rpmbuild/BUILD/mysql-5.7.37/regex -I/home/infinity/rpmbuild/BUILD/mysql-5.7.37/libbinlogevents/include -I/home/infinity/rpmbuild/BUILD/mysql-5.7.37/sql/auth -I/home/infinity/rpmbuild/BUILD/mysql-5.7.37/include/mysql -I/home/infinity/rpmbuild/BUILD/mysql-5.7.37/unittest/mytap -I/home/infinity/rpmbuild/BUILD/mysql-5.7.37/storage/perfschema -fPIC -fabi-version=2 -fno-omit-frame-pointer -fno-strict-aliasing -ffp-contract=off -O2 -g -pipe -Wall -Werror=format-security -Wp,-D_FORTIFY_SOURCE=2 -Wp,-D_GLIBCXX_ASSERTIONS -fexceptions -fstack-protector-strong -grecord-gcc-switches -specs=/usr/lib/rpm/openEuler/openEuler-hardened-cc1 -fasynchronous-unwind-tables -fstack-clash-protection -fcommon -fPIC -Wall -Wextra -Wformat-security -Wvla -Wimplicit-fallthrough=2 -Wwrite-strings -Wdeclaration-after-statement -ffunction-sections -fdata-sections -O3 -g -DNDEBUG    -DHAVE_OPENSSL  -DHAVE_OPENSSL -o CMakeFiles/pfs_connect_attr-t.dir/__/__/__/mysys/string.c.o -c /home/infinity/rpmbuild/BUILD/mysql-5.7.37/mysys/string.c
/usr/bin/ld: ../../archive_output_directory/libmysqld.a(lib_sql.cc.o): in function `setup_fpu()':
/home/infinity/rpmbuild/BUILD/mysql-5.7.37/libmysqld/../sql/mysqld.cc:192: warning: fedisableexcept is not implemented and will always fail
make[2]: Leaving directory '/home/infinity/rpmbuild/BUILD/mysql-5.7.37/build'
[100%] Built target mysql_embedded
[100%] Linking CXX executable pfs_connect_attr-t
cd /home/infinity/rpmbuild/BUILD/mysql-5.7.37/build/storage/perfschema/unittest && /usr/bin/cmake -E cmake_link_script CMakeFiles/pfs_connect_attr-t.dir/link.txt --verbose=1
/usr/bin/c++ -fPIC -std=gnu++03 -fabi-version=2 -fno-omit-frame-pointer -fno-strict-aliasing -ffp-contract=off -O2 -g -pipe -Wall -Werror=format-security -Wp,-D_FORTIFY_SOURCE=2 -Wp,-D_GLIBCXX_ASSERTIONS -fexceptions -fstack-protector-strong -grecord-gcc-switches -specs=/usr/lib/rpm/openEuler/openEuler-hardened-cc1 -fasynchronous-unwind-tables -fstack-clash-protection -fPIC -Wall -Wextra -Wformat-security -Wvla -Wimplicit-fallthrough=2 -Woverloaded-virtual -Wno-unused-parameter -Wno-class-memaccess -ffunction-sections -fdata-sections -O3 -g -DNDEBUG CMakeFiles/pfs_connect_attr-t.dir/pfs_connect_attr-t.cc.o CMakeFiles/pfs_connect_attr-t.dir/__/__/__/sql/sql_builtin.cc.o CMakeFiles/pfs_connect_attr-t.dir/__/__/__/mysys/string.c.o -o pfs_connect_attr-t  -lpthread ../../../unittest/mytap/libmytap.a ../../../archive_output_directory/libperfschema.a ../../../archive_output_directory/libarchive.a -lz ../../../archive_output_directory/libblackhole.a ../../../archive_output_directory/libcsv.a ../../../archive_output_directory/libfederated.a ../../../archive_output_directory/libheap.a ../../../archive_output_directory/libinnobase.a -lz -llz4 -lnuma ../../../archive_output_directory/libmyisam.a ../../../archive_output_directory/libmyisammrg.a ../../../archive_output_directory/libpartition.a ../../../archive_output_directory/libperfschema.a ../../../archive_output_directory/libsql.a ../../../archive_output_directory/libbinlog.a ../../../archive_output_directory/librpl.a ../../../archive_output_directory/libmaster.a ../../../archive_output_directory/libslave.a ../../../archive_output_directory/libsql.a ../../../archive_output_directory/libmysys.a ../../../archive_output_directory/libmysys_ssl.a ../../../archive_output_directory/libvio.a -lssl -lcrypto -ldl ../../../archive_output_directory/libstrings.a ../../../archive_output_directory/libdbug.a ../../../archive_output_directory/libregex.a ../../../archive_output_directory/libmysys.a -lz ../../../archive_output_directory/libperfschema.a ../../../archive_output_directory/libarchive.a ../../../archive_output_directory/libblackhole.a ../../../archive_output_directory/libcsv.a ../../../archive_output_directory/libfederated.a ../../../archive_output_directory/libheap.a ../../../archive_output_directory/libinnobase.a -laio -llz4 -lnuma ../../../archive_output_directory/libmyisam.a ../../../archive_output_directory/libmyisammrg.a ../../../archive_output_directory/libpartition.a ../../../archive_output_directory/libngram_parser.a -lcrypt -lssl -lcrypto -ldl ../../../libbinlogevents/lib/libbinlogevents.a ../../../archive_output_directory/libmysys.a ../../../archive_output_directory/libdbug.a ../../../archive_output_directory/libmysys.a ../../../archive_output_directory/libdbug.a -lz ../../../archive_output_directory/libstrings.a -lm -lrt -latomic -lpthread 
/usr/bin/ld: ../../archive_output_directory/libmysqld.a(lib_sql.cc.o): in function `setup_fpu()':
/home/infinity/rpmbuild/BUILD/mysql-5.7.37/libmysqld/../sql/mysqld.cc:192: warning: fedisableexcept is not implemented and will always fail
make[2]: Leaving directory '/home/infinity/rpmbuild/BUILD/mysql-5.7.37/build'
[100%] Built target mysql_client_test_embedded
/usr/bin/ld: ../archive_output_directory/libsql.a(mysqld.cc.o): in function `setup_fpu()':
/home/infinity/rpmbuild/BUILD/mysql-5.7.37/sql/mysqld.cc:192: warning: fedisableexcept is not implemented and will always fail
make[2]: Leaving directory '/home/infinity/rpmbuild/BUILD/mysql-5.7.37/build'
[100%] Built target mysqld
/usr/bin/ld: ../../../archive_output_directory/libsql.a(mysqld.cc.o): in function `setup_fpu()':
/home/infinity/rpmbuild/BUILD/mysql-5.7.37/sql/mysqld.cc:192: warning: fedisableexcept is not implemented and will always fail
/usr/bin/ld: final link failed: No space left on device
collect2: error: ld returned 1 exit status
make[2]: *** [storage/perfschema/unittest/CMakeFiles/pfs_connect_attr-t.dir/build.make:185: storage/perfschema/unittest/pfs_connect_attr-t] Error 1
make[2]: Leaving directory '/home/infinity/rpmbuild/BUILD/mysql-5.7.37/build'
make[1]: *** [CMakeFiles/Makefile2:3450: storage/perfschema/unittest/CMakeFiles/pfs_connect_attr-t.dir/all] Error 2
make[1]: Leaving directory '/home/infinity/rpmbuild/BUILD/mysql-5.7.37/build'
make: *** [Makefile:182: all] Error 2
error: Bad exit status from /var/tmp/rpm-tmp.nJQKR5 (%build)


RPM build errors:
    %changelog not in descending chronological order
    Bad exit status from /var/tmp/rpm-tmp.nJQKR5 (%build)
